<?xml version="1.0" encoding="UTF-8"?>
<!-- Generated by org.testng.reporters.JUnitXMLReporter -->
<testsuite hostname="Shuvashish" ignored="0" tests="2" failures="2" timestamp="21 Jan 2019 01:32:36 GMT" time="28.226" errors="0">
  <testcase name="invalidLoginTest_InvalidUserNameInvalidPassword" time="6.628" classname="LoginTest">
    <failure type="java.lang.AssertionError" message="expected [E-posta adresiniz veya şifreniz hatalı] but found [By.xpath: //*[@id=&amp;quot;loginForm&amp;quot;]/div[2]/div/div ]">
      <![CDATA[java.lang.AssertionError: expected [E-posta adresiniz veya şifreniz hatalı] but found [By.xpath: //*[@id="loginForm"]/div[2]/div/div ]
at pages.allpages.LoginPage.verifyLoginPassword(LoginPage.java:41)
at LoginTest.invalidLoginTest_InvalidUserNameInvalidPassword(LoginTest.java:26)
... Removed 34 stack frames]]>
    </failure>
  </testcase> <!-- invalidLoginTest_InvalidUserNameInvalidPassword -->
  <testcase name="invalidLoginTest_EmptyUserEmptyPassword" time="5.242" classname="LoginTest">
    <failure type="java.lang.AssertionError" message="expected [Lütfen e-posta adresinizi girin.] but found [By.xpath: //*[@id=&amp;quot;loginForm&amp;quot;]/div[1]/div/div]">
      <![CDATA[java.lang.AssertionError: expected [Lütfen e-posta adresinizi girin.] but found [By.xpath: //*[@id="loginForm"]/div[1]/div/div]
at pages.allpages.LoginPage.verifyLoginUserName(LoginPage.java:35)
at LoginTest.invalidLoginTest_EmptyUserEmptyPassword(LoginTest.java:43)
... Removed 34 stack frames]]>
    </failure>
  </testcase> <!-- invalidLoginTest_EmptyUserEmptyPassword -->
</testsuite>
