<?xml version="1.0" encoding="UTF-8"?>
<testsuite xmlns:xsi="http://www.w3.org/2001/XMLSchema-instance" xsi:schemaLocation="https://maven.apache.org/surefire/maven-surefire-plugin/xsd/surefire-test-report.xsd" name="TestSuite" time="28.882" tests="2" errors="0" skipped="0" failures="2">
  <properties>
[...]
</properties>
  <testcase name="invalidLoginTest_InvalidUserNameInvalidPassword" classname="LoginTest" time="6.643">
    <failure message="expected [E-posta adresiniz veya şifreniz hatalı] but found [By.xpath: //*[@id=&quot;loginForm&quot;]/div[2]/div/div ]" type="java.lang.AssertionError">java.lang.AssertionError: expected [E-posta adresiniz veya şifreniz hatalı] but found [By.xpath: //*[@id="loginForm"]/div[2]/div/div ]
	at LoginTest.invalidLoginTest_InvalidUserNameInvalidPassword(LoginTest.java:26)
</failure>
    <system-out><![CDATA[Browser is chrome
]]></system-out>
    <system-err><![CDATA[SLF4J: Failed to load class "org.slf4j.impl.StaticLoggerBinder".
SLF4J: Defaulting to no-operation (NOP) logger implementation
SLF4J: See http://www.slf4j.org/codes.html#StaticLoggerBinder for further details.
Jan 20, 2019 8:32:08 PM java.util.prefs.WindowsPreferences <init>
WARNING: Could not open/create prefs root node Software\JavaSoft\Prefs at root 0x80000002. Windows RegCreateKeyEx(...) returned error code 5.
Starting ChromeDriver 2.45.615291 (ec3682e3c9061c10f26ea9e5cdcf3c53f3f74387) on port 48478
Only local connections are allowed.
Jan 20, 2019 8:32:11 PM org.openqa.selenium.remote.ProtocolHandshake createSession
INFO: Detected dialect: OSS
Starting ChromeDriver 2.45.615291 (ec3682e3c9061c10f26ea9e5cdcf3c53f3f74387) on port 43459
Only local connections are allowed.
Jan 20, 2019 8:32:13 PM org.openqa.selenium.remote.ProtocolHandshake createSession
INFO: Detected dialect: OSS
]]></system-err>
  </testcase>
  <testcase name="invalidLoginTest_EmptyUserEmptyPassword" classname="LoginTest" time="5.242">
    <failure message="expected [Lütfen e-posta adresinizi girin.] but found [By.xpath: //*[@id=&quot;loginForm&quot;]/div[1]/div/div]" type="java.lang.AssertionError">java.lang.AssertionError: expected [Lütfen e-posta adresinizi girin.] but found [By.xpath: //*[@id="loginForm"]/div[1]/div/div]
	at LoginTest.invalidLoginTest_EmptyUserEmptyPassword(LoginTest.java:43)
</failure>
    <system-out><![CDATA[Browser is chrome
]]></system-out>
    <system-err><![CDATA[Starting ChromeDriver 2.45.615291 (ec3682e3c9061c10f26ea9e5cdcf3c53f3f74387) on port 20699
Only local connections are allowed.
Jan 20, 2019 8:32:24 PM org.openqa.selenium.remote.ProtocolHandshake createSession
INFO: Detected dialect: OSS
Starting ChromeDriver 2.45.615291 (ec3682e3c9061c10f26ea9e5cdcf3c53f3f74387) on port 14125
Only local connections are allowed.
Jan 20, 2019 8:32:27 PM org.openqa.selenium.remote.ProtocolHandshake createSession
INFO: Detected dialect: OSS
]]></system-err>
  </testcase>
</testsuite>